<?xml version="1.0" encoding="UTF-8"?>
<!-- Generated by org.testng.reporters.JUnitReportReporter -->
<testsuite skipped="0" hostname="L-BRZH71VFH0-M" name="services.github.ProcessSeachResultsTests" tests="2" failures="0" timestamp="19 Dec 2017 16:24:59 GMT" time="0.059" errors="0">
  <testcase name="shouldCheckForInvalidParameters" time="0.057" classname="services.github.ProcessSeachResultsTests"/>
  <testcase name="shouldCheckForRepositoriesExistence" time="0.002" classname="services.github.ProcessSeachResultsTests"/>
</testsuite> <!-- services.github.ProcessSeachResultsTests -->
